13-Apr-2026 10:29:46.577 INFO [main] org.apache.catalina.startup.VersionLoggerListener.log Server version name:   Apache Tomcat/10.1.18
13-Apr-2026 10:29:46.579 INFO [main] org.apache.catalina.startup.VersionLoggerListener.log Server built:          Jan 5 2024 14:39:40 UTC
13-Apr-2026 10:29:46.580 INFO [main] org.apache.catalina.startup.VersionLoggerListener.log Server version number: 10.1.18.0
13-Apr-2026 10:29:46.580 INFO [main] org.apache.catalina.startup.VersionLoggerListener.log OS Name:               Linux
13-Apr-2026 10:29:46.580 INFO [main] org.apache.catalina.startup.VersionLoggerListener.log OS Version:            6.17.0-20-generic
13-Apr-2026 10:29:46.580 INFO [main] org.apache.catalina.startup.VersionLoggerListener.log Architecture:          amd64
13-Apr-2026 10:29:46.580 INFO [main] org.apache.catalina.startup.VersionLoggerListener.log Java Home:             /usr/lib/jvm/java-21-openjdk-amd64
13-Apr-2026 10:29:46.580 INFO [main] org.apache.catalina.startup.VersionLoggerListener.log JVM Version:           21.0.10+7-Ubuntu-124.04
13-Apr-2026 10:29:46.580 INFO [main] org.apache.catalina.startup.VersionLoggerListener.log JVM Vendor:            Ubuntu
13-Apr-2026 10:29:46.580 INFO [main] org.apache.catalina.startup.VersionLoggerListener.log CATALINA_BASE:         /home/honda/Learn/java-learn/RestRunner-Lightweight-Java-HTTP-Client/restrunner-web/apache-tomcat-10.1.18
13-Apr-2026 10:29:46.580 INFO [main] org.apache.catalina.startup.VersionLoggerListener.log CATALINA_HOME:         /home/honda/Learn/java-learn/RestRunner-Lightweight-Java-HTTP-Client/restrunner-web/apache-tomcat-10.1.18
13-Apr-2026 10:29:46.586 INFO [main] org.apache.catalina.startup.VersionLoggerListener.log Command line argument: -Djava.util.logging.config.file=/home/honda/Learn/java-learn/RestRunner-Lightweight-Java-HTTP-Client/restrunner-web/apache-tomcat-10.1.18/conf/logging.properties
13-Apr-2026 10:29:46.586 INFO [main] org.apache.catalina.startup.VersionLoggerListener.log Command line argument: -Djava.util.logging.manager=org.apache.juli.ClassLoaderLogManager
13-Apr-2026 10:29:46.586 INFO [main] org.apache.catalina.startup.VersionLoggerListener.log Command line argument: -Djdk.tls.ephemeralDHKeySize=2048
13-Apr-2026 10:29:46.586 INFO [main] org.apache.catalina.startup.VersionLoggerListener.log Command line argument: -Djava.protocol.handler.pkgs=org.apache.catalina.webresources
13-Apr-2026 10:29:46.586 INFO [main] org.apache.catalina.startup.VersionLoggerListener.log Command line argument: -Dorg.apache.catalina.security.SecurityListener.UMASK=0027
13-Apr-2026 10:29:46.586 INFO [main] org.apache.catalina.startup.VersionLoggerListener.log Command line argument: --add-opens=java.base/java.lang=ALL-UNNAMED
13-Apr-2026 10:29:46.586 INFO [main] org.apache.catalina.startup.VersionLoggerListener.log Command line argument: --add-opens=java.base/java.io=ALL-UNNAMED
13-Apr-2026 10:29:46.587 INFO [main] org.apache.catalina.startup.VersionLoggerListener.log Command line argument: --add-opens=java.base/java.util=ALL-UNNAMED
13-Apr-2026 10:29:46.587 INFO [main] org.apache.catalina.startup.VersionLoggerListener.log Command line argument: --add-opens=java.base/java.util.concurrent=ALL-UNNAMED
13-Apr-2026 10:29:46.587 INFO [main] org.apache.catalina.startup.VersionLoggerListener.log Command line argument: --add-opens=java.rmi/sun.rmi.transport=ALL-UNNAMED
13-Apr-2026 10:29:46.587 INFO [main] org.apache.catalina.startup.VersionLoggerListener.log Command line argument: -Dcatalina.base=/home/honda/Learn/java-learn/RestRunner-Lightweight-Java-HTTP-Client/restrunner-web/apache-tomcat-10.1.18
13-Apr-2026 10:29:46.587 INFO [main] org.apache.catalina.startup.VersionLoggerListener.log Command line argument: -Dcatalina.home=/home/honda/Learn/java-learn/RestRunner-Lightweight-Java-HTTP-Client/restrunner-web/apache-tomcat-10.1.18
13-Apr-2026 10:29:46.587 INFO [main] org.apache.catalina.startup.VersionLoggerListener.log Command line argument: -Djava.io.tmpdir=/home/honda/Learn/java-learn/RestRunner-Lightweight-Java-HTTP-Client/restrunner-web/apache-tomcat-10.1.18/temp
13-Apr-2026 10:29:46.588 INFO [main] org.apache.catalina.core.AprLifecycleListener.lifecycleEvent The Apache Tomcat Native library which allows using OpenSSL was not found on the java.library.path: [/usr/java/packages/lib:/usr/lib/x86_64-linux-gnu/jni:/lib/x86_64-linux-gnu:/usr/lib/x86_64-linux-gnu:/usr/lib/jni:/lib:/usr/lib]
13-Apr-2026 10:29:46.768 INFO [main] org.apache.coyote.AbstractProtocol.init Initializing ProtocolHandler ["http-nio-8080"]
13-Apr-2026 10:29:46.781 INFO [main] org.apache.catalina.startup.Catalina.load Server initialization in [301] milliseconds
13-Apr-2026 10:29:46.810 INFO [main] org.apache.catalina.core.StandardService.startInternal Starting service [Catalina]
13-Apr-2026 10:29:46.811 INFO [main] org.apache.catalina.core.StandardEngine.startInternal Starting Servlet engine: [Apache Tomcat/10.1.18]
13-Apr-2026 10:29:46.832 INFO [main] org.apache.catalina.startup.HostConfig.deployWAR Deploying web application archive [/home/honda/Learn/java-learn/RestRunner-Lightweight-Java-HTTP-Client/restrunner-web/apache-tomcat-10.1.18/webapps/restrunner-web.war]
13-Apr-2026 10:29:47.363 INFO [main] org.apache.jasper.servlet.TldScanner.scanJars At least one JAR was scanned for TLDs yet contained no TLDs. Enable debug logging for this logger for a complete list of JARs that were scanned but no TLDs were found in them. Skipping unneeded JARs during scanning can improve startup time and JSP compilation time.
13-Apr-2026 10:29:47.393 INFO [main] org.apache.catalina.startup.HostConfig.deployWAR Deployment of web application archive [/home/honda/Learn/java-learn/RestRunner-Lightweight-Java-HTTP-Client/restrunner-web/apache-tomcat-10.1.18/webapps/restrunner-web.war] has finished in [562] ms
13-Apr-2026 10:29:47.393 INFO [main] org.apache.catalina.startup.HostConfig.deployDirectory Deploying web application directory [/home/honda/Learn/java-learn/RestRunner-Lightweight-Java-HTTP-Client/restrunner-web/apache-tomcat-10.1.18/webapps/ROOT]
13-Apr-2026 10:29:47.406 INFO [main] org.apache.catalina.startup.HostConfig.deployDirectory Deployment of web application directory [/home/honda/Learn/java-learn/RestRunner-Lightweight-Java-HTTP-Client/restrunner-web/apache-tomcat-10.1.18/webapps/ROOT] has finished in [13] ms
13-Apr-2026 10:29:47.407 INFO [main] org.apache.catalina.startup.HostConfig.deployDirectory Deploying web application directory [/home/honda/Learn/java-learn/RestRunner-Lightweight-Java-HTTP-Client/restrunner-web/apache-tomcat-10.1.18/webapps/manager]
13-Apr-2026 10:29:47.426 INFO [main] org.apache.catalina.startup.HostConfig.deployDirectory Deployment of web application directory [/home/honda/Learn/java-learn/RestRunner-Lightweight-Java-HTTP-Client/restrunner-web/apache-tomcat-10.1.18/webapps/manager] has finished in [20] ms
13-Apr-2026 10:29:47.427 INFO [main] org.apache.catalina.startup.HostConfig.deployDirectory Deploying web application directory [/home/honda/Learn/java-learn/RestRunner-Lightweight-Java-HTTP-Client/restrunner-web/apache-tomcat-10.1.18/webapps/host-manager]
13-Apr-2026 10:29:47.438 INFO [main] org.apache.catalina.startup.HostConfig.deployDirectory Deployment of web application directory [/home/honda/Learn/java-learn/RestRunner-Lightweight-Java-HTTP-Client/restrunner-web/apache-tomcat-10.1.18/webapps/host-manager] has finished in [11] ms
13-Apr-2026 10:29:47.438 INFO [main] org.apache.catalina.startup.HostConfig.deployDirectory Deploying web application directory [/home/honda/Learn/java-learn/RestRunner-Lightweight-Java-HTTP-Client/restrunner-web/apache-tomcat-10.1.18/webapps/docs]
13-Apr-2026 10:29:47.448 INFO [main] org.apache.catalina.startup.HostConfig.deployDirectory Deployment of web application directory [/home/honda/Learn/java-learn/RestRunner-Lightweight-Java-HTTP-Client/restrunner-web/apache-tomcat-10.1.18/webapps/docs] has finished in [10] ms
13-Apr-2026 10:29:47.448 INFO [main] org.apache.catalina.startup.HostConfig.deployDirectory Deploying web application directory [/home/honda/Learn/java-learn/RestRunner-Lightweight-Java-HTTP-Client/restrunner-web/apache-tomcat-10.1.18/webapps/examples]
13-Apr-2026 10:29:47.546 INFO [main] org.apache.catalina.startup.HostConfig.deployDirectory Deployment of web application directory [/home/honda/Learn/java-learn/RestRunner-Lightweight-Java-HTTP-Client/restrunner-web/apache-tomcat-10.1.18/webapps/examples] has finished in [98] ms
13-Apr-2026 10:29:47.548 INFO [main] org.apache.coyote.AbstractProtocol.start Starting ProtocolHandler ["http-nio-8080"]
13-Apr-2026 10:29:47.553 INFO [main] org.apache.catalina.startup.Catalina.start Server startup in [770] milliseconds
13-Apr-2026 10:29:51.392 INFO [Thread-1] org.apache.coyote.AbstractProtocol.pause Pausing ProtocolHandler ["http-nio-8080"]
13-Apr-2026 10:29:51.394 INFO [Thread-1] org.apache.catalina.core.StandardService.stopInternal Stopping service [Catalina]
13-Apr-2026 10:29:51.410 INFO [Thread-1] org.apache.coyote.AbstractProtocol.stop Stopping ProtocolHandler ["http-nio-8080"]
13-Apr-2026 10:29:51.417 INFO [Thread-1] org.apache.coyote.AbstractProtocol.destroy Destroying ProtocolHandler ["http-nio-8080"]
